2023-10-30 00:28:55.124  INFO 2754 --- [main] p.tsu.spring.bookstore.BookStoreAppTest  : Starting BookStoreAppTest using Java 17.0.9 on grayfox.local with PID 2754 (started by kmell in /Users/kmell/ideaprojects/km3ll/tsu-spring/bookstore)
2023-10-30 00:28:55.129  INFO 2754 --- [main] p.tsu.spring.bookstore.BookStoreAppTest  : The following 1 profile is active: "dev"
2023-10-30 00:28:55.718  INFO 2754 --- [main] .s.d.r.c.RepositoryConfigurationDelegate : Bootstrapping Spring Data JDBC repositories in DEFAULT mode.
2023-10-30 00:28:55.767  INFO 2754 --- [main] .s.d.r.c.RepositoryConfigurationDelegate : Finished Spring Data repository scanning in 42 ms. Found 1 JDBC repository interfaces.
2023-10-30 00:28:56.169 DEBUG 2754 --- [main] com.zaxxer.hikari.HikariConfig           : Driver class org.h2.Driver found in Thread context class loader jdk.internal.loader.ClassLoaders$AppClassLoader@531d72ca
2023-10-30 00:28:56.216 DEBUG 2754 --- [main] o.s.jdbc.datasource.DataSourceUtils      : Fetching JDBC Connection from DataSource
2023-10-30 00:28:56.217 DEBUG 2754 --- [main] com.zaxxer.hikari.HikariConfig           : bookstore - configuration:
2023-10-30 00:28:56.219 DEBUG 2754 --- [main] com.zaxxer.hikari.HikariConfig           : allowPoolSuspension................................false
2023-10-30 00:28:56.219 DEBUG 2754 --- [main] com.zaxxer.hikari.HikariConfig           : autoCommit................................true
2023-10-30 00:28:56.219 DEBUG 2754 --- [main] com.zaxxer.hikari.HikariConfig           : catalog................................none
2023-10-30 00:28:56.219 DEBUG 2754 --- [main] com.zaxxer.hikari.HikariConfig           : connectionInitSql................................none
2023-10-30 00:28:56.219 DEBUG 2754 --- [main] com.zaxxer.hikari.HikariConfig           : connectionTestQuery................................none
2023-10-30 00:28:56.220 DEBUG 2754 --- [main] com.zaxxer.hikari.HikariConfig           : connectionTimeout................................30000
2023-10-30 00:28:56.220 DEBUG 2754 --- [main] com.zaxxer.hikari.HikariConfig           : dataSource................................none
2023-10-30 00:28:56.220 DEBUG 2754 --- [main] com.zaxxer.hikari.HikariConfig           : dataSourceClassName................................none
2023-10-30 00:28:56.220 DEBUG 2754 --- [main] com.zaxxer.hikari.HikariConfig           : dataSourceJNDI................................none
2023-10-30 00:28:56.220 DEBUG 2754 --- [main] com.zaxxer.hikari.HikariConfig           : dataSourceProperties................................{password=<masked>}
2023-10-30 00:28:56.221 DEBUG 2754 --- [main] com.zaxxer.hikari.HikariConfig           : driverClassName................................"org.h2.Driver"
2023-10-30 00:28:56.221 DEBUG 2754 --- [main] com.zaxxer.hikari.HikariConfig           : exceptionOverrideClassName................................none
2023-10-30 00:28:56.221 DEBUG 2754 --- [main] com.zaxxer.hikari.HikariConfig           : healthCheckProperties................................{}
2023-10-30 00:28:56.221 DEBUG 2754 --- [main] com.zaxxer.hikari.HikariConfig           : healthCheckRegistry................................none
2023-10-30 00:28:56.221 DEBUG 2754 --- [main] com.zaxxer.hikari.HikariConfig           : idleTimeout................................600000
2023-10-30 00:28:56.221 DEBUG 2754 --- [main] com.zaxxer.hikari.HikariConfig           : initializationFailTimeout................................1
2023-10-30 00:28:56.221 DEBUG 2754 --- [main] com.zaxxer.hikari.HikariConfig           : isolateInternalQueries................................false
2023-10-30 00:28:56.222 DEBUG 2754 --- [main] com.zaxxer.hikari.HikariConfig           : jdbcUrl................................jdbc:h2:mem:bookstore;DB_CLOSE_DELAY=-1;DB_CLOSE_ON_EXIT=FALSE
2023-10-30 00:28:56.222 DEBUG 2754 --- [main] com.zaxxer.hikari.HikariConfig           : keepaliveTime................................0
2023-10-30 00:28:56.222 DEBUG 2754 --- [main] com.zaxxer.hikari.HikariConfig           : leakDetectionThreshold................................0
2023-10-30 00:28:56.222 DEBUG 2754 --- [main] com.zaxxer.hikari.HikariConfig           : maxLifetime................................1800000
2023-10-30 00:28:56.222 DEBUG 2754 --- [main] com.zaxxer.hikari.HikariConfig           : maximumPoolSize................................10
2023-10-30 00:28:56.222 DEBUG 2754 --- [main] com.zaxxer.hikari.HikariConfig           : metricRegistry................................none
2023-10-30 00:28:56.222 DEBUG 2754 --- [main] com.zaxxer.hikari.HikariConfig           : metricsTrackerFactory................................none
2023-10-30 00:28:56.222 DEBUG 2754 --- [main] com.zaxxer.hikari.HikariConfig           : minimumIdle................................10
2023-10-30 00:28:56.223 DEBUG 2754 --- [main] com.zaxxer.hikari.HikariConfig           : password................................<masked>
2023-10-30 00:28:56.223 DEBUG 2754 --- [main] com.zaxxer.hikari.HikariConfig           : poolName................................"bookstore"
2023-10-30 00:28:56.223 DEBUG 2754 --- [main] com.zaxxer.hikari.HikariConfig           : readOnly................................false
2023-10-30 00:28:56.223 DEBUG 2754 --- [main] com.zaxxer.hikari.HikariConfig           : registerMbeans................................false
2023-10-30 00:28:56.224 DEBUG 2754 --- [main] com.zaxxer.hikari.HikariConfig           : scheduledExecutor................................none
2023-10-30 00:28:56.224 DEBUG 2754 --- [main] com.zaxxer.hikari.HikariConfig           : schema................................none
2023-10-30 00:28:56.224 DEBUG 2754 --- [main] com.zaxxer.hikari.HikariConfig           : threadFactory................................internal
2023-10-30 00:28:56.224 DEBUG 2754 --- [main] com.zaxxer.hikari.HikariConfig           : transactionIsolation................................default
2023-10-30 00:28:56.224 DEBUG 2754 --- [main] com.zaxxer.hikari.HikariConfig           : username................................"sa"
2023-10-30 00:28:56.225 DEBUG 2754 --- [main] com.zaxxer.hikari.HikariConfig           : validationTimeout................................5000
2023-10-30 00:28:56.225  INFO 2754 --- [main] com.zaxxer.hikari.HikariDataSource       : bookstore - Starting...
2023-10-30 00:28:56.435  INFO 2754 --- [main] com.zaxxer.hikari.HikariDataSource       : bookstore - Start completed.
2023-10-30 00:28:56.452 DEBUG 2754 --- [main] o.s.jdbc.datasource.DataSourceUtils      : Fetching JDBC Connection from DataSource
2023-10-30 00:28:56.453 DEBUG 2754 --- [main] o.s.jdbc.datasource.init.ScriptUtils     : Executing SQL script from URL [file:/Users/kmell/ideaprojects/km3ll/tsu-spring/bookstore/target/classes/schema.sql]
2023-10-30 00:28:56.473 DEBUG 2754 --- [main] o.s.jdbc.datasource.init.ScriptUtils     : 0 returned as update count for SQL: CREATE TABLE book( id int auto_increment, title varchar(255) NOT NULL, pages int NOT NULL, author varchar(255) NOT NULL )
2023-10-30 00:28:56.474 DEBUG 2754 --- [main] o.s.jdbc.datasource.init.ScriptUtils     : Executed SQL script from URL [file:/Users/kmell/ideaprojects/km3ll/tsu-spring/bookstore/target/classes/schema.sql] in 21 ms.
2023-10-30 00:28:56.474 DEBUG 2754 --- [main] o.s.jdbc.datasource.DataSourceUtils      : Fetching JDBC Connection from DataSource
2023-10-30 00:28:56.474 DEBUG 2754 --- [main] o.s.jdbc.datasource.DataSourceUtils      : Fetching JDBC Connection from DataSource
2023-10-30 00:28:56.474 DEBUG 2754 --- [main] o.s.jdbc.datasource.init.ScriptUtils     : Executing SQL script from URL [file:/Users/kmell/ideaprojects/km3ll/tsu-spring/bookstore/target/classes/data.sql]
2023-10-30 00:28:56.477 DEBUG 2754 --- [main] o.s.jdbc.datasource.init.ScriptUtils     : 1 returned as update count for SQL: insert into book(title,pages,author) values ('Spring Boot: Up and Running',328,'Mark Heckler')
2023-10-30 00:28:56.477 DEBUG 2754 --- [main] o.s.jdbc.datasource.init.ScriptUtils     : Executed SQL script from URL [file:/Users/kmell/ideaprojects/km3ll/tsu-spring/bookstore/target/classes/data.sql] in 2 ms.
2023-10-30 00:28:56.516 DEBUG 2754 --- [main] o.s.jdbc.datasource.DataSourceUtils      : Fetching JDBC Connection from DataSource
2023-10-30 00:28:56.712  INFO 2754 --- [main] p.t.s.b.controller.BookController        : Created
2023-10-30 00:28:56.715  INFO 2754 --- [main] p.t.s.b.controller.PodController         : Created
2023-10-30 00:28:56.798  WARN 2754 --- [main] .s.s.UserDetailsServiceAutoConfiguration : 

Using generated security password: 40e63601-0ce7-40c3-9b5b-f08954846733

This generated password is for development use only. Your security configuration must be updated before running your application in production.

2023-10-30 00:28:56.988  INFO 2754 --- [main] o.s.b.a.h2.H2ConsoleAutoConfiguration    : H2 console available at '/h2-console'. Database available at 'jdbc:h2:mem:bookstore'
2023-10-30 00:28:57.312  INFO 2754 --- [main] o.s.s.web.DefaultSecurityFilterChain     : Will secure any request with [org.springframework.security.web.session.DisableEncodeUrlFilter@e26a3df, org.springframework.security.web.context.request.async.WebAsyncManagerIntegrationFilter@57a667c8, org.springframework.security.web.context.SecurityContextPersistenceFilter@45d4421d, org.springframework.security.web.header.HeaderWriterFilter@5d14e99e, org.springframework.security.web.csrf.CsrfFilter@3a3883c4, org.springframework.security.web.authentication.logout.LogoutFilter@5f193335, org.springframework.security.web.authentication.www.BasicAuthenticationFilter@23b1aa9, org.springframework.security.web.savedrequest.RequestCacheAwareFilter@37314843, org.springframework.security.web.servletapi.SecurityContextHolderAwareRequestFilter@50122012, org.springframework.security.web.authentication.AnonymousAuthenticationFilter@712cd5d3, org.springframework.security.web.session.SessionManagementFilter@13516600, org.springframework.security.web.access.ExceptionTranslationFilter@40a1b6d4, org.springframework.security.web.access.intercept.FilterSecurityInterceptor@661e1399]
2023-10-30 00:28:57.639  INFO 2754 --- [main] p.tsu.spring.bookstore.BookStoreAppTest  : Started BookStoreAppTest in 7.857 seconds (JVM running for 8.829)
2023-10-30 00:28:57.646 DEBUG 2754 --- [main] o.s.jdbc.support.JdbcTransactionManager  : Creating new transaction with name [org.springframework.data.jdbc.repository.support.SimpleJdbcRepository.save]: PROPAGATION_REQUIRED,ISOLATION_DEFAULT
2023-10-30 00:28:57.646 DEBUG 2754 --- [main] o.s.jdbc.support.JdbcTransactionManager  : Acquired Connection [HikariProxyConnection@1281325903 wrapping conn0: url=jdbc:h2:mem:bookstore user=SA] for JDBC transaction
2023-10-30 00:28:57.647 DEBUG 2754 --- [main] o.s.jdbc.support.JdbcTransactionManager  : Switching JDBC Connection [HikariProxyConnection@1281325903 wrapping conn0: url=jdbc:h2:mem:bookstore user=SA] to manual commit
2023-10-30 00:28:57.718 DEBUG 2754 --- [main] o.s.jdbc.core.JdbcTemplate               : Executing SQL update and returning generated keys
2023-10-30 00:28:57.719 DEBUG 2754 --- [main] o.s.jdbc.core.JdbcTemplate               : Executing prepared SQL statement [INSERT INTO "BOOK" ("AUTHOR", "PAGES", "TITLE") VALUES (?, ?, ?)]
2023-10-30 00:28:57.748 DEBUG 2754 --- [main] o.s.jdbc.support.JdbcTransactionManager  : Initiating transaction commit
2023-10-30 00:28:57.748 DEBUG 2754 --- [main] o.s.jdbc.support.JdbcTransactionManager  : Committing JDBC transaction on Connection [HikariProxyConnection@1281325903 wrapping conn0: url=jdbc:h2:mem:bookstore user=SA]
2023-10-30 00:28:57.749 DEBUG 2754 --- [main] o.s.jdbc.support.JdbcTransactionManager  : Releasing JDBC Connection [HikariProxyConnection@1281325903 wrapping conn0: url=jdbc:h2:mem:bookstore user=SA] after transaction
2023-10-30 00:28:58.113  INFO 2754 --- [SpringApplicationShutdownHook] com.zaxxer.hikari.HikariDataSource       : bookstore - Shutdown initiated...
2023-10-30 00:28:58.116  INFO 2754 --- [SpringApplicationShutdownHook] com.zaxxer.hikari.HikariDataSource       : bookstore - Shutdown completed.
